AANBIEDIGEN VAN AH!
Aanbieding: AH Pakjeshuis met chocoladehamsters.
Aanbieding text: Feestfavoriet2 stuks.
Oude Prijs:   .
 Prijs nieuw: 2.99.

Aanbieding: Alle Alpro.
Aanbieding text: 2 + 1 GRATIS3 pakken.
Oude Prijs:  8.97.
 Prijs nieuw: 5.98.

Aanbieding: Meurisse chocolade.
Aanbieding text: 50% KORTINGZakje 100 gram.
Oude Prijs:  4.99.
 Prijs nieuw: 2.49.

Aanbieding: Sint chocolade controller en camera.
Aanbieding text: VOOR 3.50.
Oude Prijs:  8.98.
 Prijs nieuw: 3.50.

AANBIEDIGEN VAN JUMBO!
Aanbieding: Coca-Cola.
Aanbieding text: 6 x 1,5 LDe korting is al verwerkt in de verkoopprijs van dit artikel. 5+1 gratis, 5+1 gratis.

AANBIEDIGEN VAN POIESZ!
Aanbieding: Alle Zwitsal babyverzorging.
Aanbieding text:  1+1 GRATIS .
Oude Prijs:  8.58-13.98.
 Prijs nieuw: 4.29-6.99.

Aanbieding: Alle Zwitsal babyverzorging.
Aanbieding text:  1+1 GRATIS .
Oude Prijs:  8.58-13.98.
 Prijs nieuw: 4.29-6.99.

Aanbieding: Angel hair chocolate.
Aanbieding text:  reep à 150 gram per REEP .
Oude Prijs:   .
 Prijs nieuw: 9.99.

Aanbieding: Bacardi Breezer of Bacardi razz & up, rum & cola of limon & lemonade.
Aanbieding text:  blikje à 250 ml/flesje à 275 ml per STUK .
Oude Prijs:  2.19-2.49.
 Prijs nieuw: 2.00.

Aanbieding: Licor 43 original, crème brûlée , chocolate of speculoos.
Aanbieding text:  fles à 700 ml 25% KORTING .
Oude Prijs:  22.99-23.99.
 Prijs nieuw: 17.24-17.99.

Aanbieding: Rucola sla.
Aanbieding text:  zak à 85 gram per ZAK .
Oude Prijs:  1.20.
 Prijs nieuw: 1.00.

Aanbieding: Verkade chocoladeletter of hart.
Aanbieding text:  stuk à 135 gram 50% KORTING .
Oude Prijs:  4.29-4.95.
 Prijs nieuw: 2.14-2.47.

AANBIEDIGEN VAN LIDL!
AANBIEDIGEN VAN ALDI!
